<testsuites name="jest tests" tests="9" failures="0" time="1.077">
  <testsuite name="ListItem" errors="0" failures="0" skipped="0" timestamp="2018-03-06T15:30:28" time="0.958" tests="3">
    <testcase classname="ListItem should render correctly" name="ListItem should render correctly" time="0.021">
    </testcase>
    <testcase classname="ListItem should be clickable" name="ListItem should be clickable" time="0.011">
    </testcase>
    <testcase classname="ListItem should handle an empty item" name="ListItem should handle an empty item" time="0.007">
    </testcase>
  </testsuite>
  <testsuite name="searchReducer" errors="0" failures="0" skipped="0" timestamp="2018-03-06T15:30:29" time="0.119" tests="6">
    <testcase classname="searchReducer should return initial state" name="searchReducer should return initial state" time="0.001">
    </testcase>
    <testcase classname="searchReducer should handle START_LOADING" name="searchReducer should handle START_LOADING" time="0.001">
    </testcase>
    <testcase classname="searchReducer should handle RETURN_RESULT" name="searchReducer should handle RETURN_RESULT" time="0">
    </testcase>
    <testcase classname="searchReducer should handle UPDATE_SEARCH_STRING" name="searchReducer should handle UPDATE_SEARCH_STRING" time="0">
    </testcase>
    <testcase classname="searchReducer should handle RETURN_ERROR" name="searchReducer should handle RETURN_ERROR" time="0">
    </testcase>
    <testcase classname="searchReducer should handle RETURN_ITEM" name="searchReducer should handle RETURN_ITEM" time="0">
    </testcase>
  </testsuite>
</testsuites>